<?xml version="1.0" encoding="UTF-8"?>
<!-- Generated by org.testng.reporters.JUnitReportReporter -->
<testsuite hostname="Blue" failures="0" tests="1" name="javaStreamTest1" time="0.022" errors="0" timestamp="2023-12-11T14:53:15 MST" skipped="0">
  <testcase classname="javaStreamTest1" name="streamCollect" time="0.022"/>
</testsuite> <!-- javaStreamTest1 -->
