<?xml version="1.0" encoding="UTF-8"?>
<!-- Generated by org.testng.reporters.JUnitReportReporter -->
<testsuite hostname="Blue" failures="0" tests="1" name="PS1" time="0.015" errors="0" timestamp="2024-01-08T06:42:28 MST" skipped="0">
  <testcase classname="PS1" name="testRun" time="0.015"/>
</testsuite> <!-- PS1 -->
